CRITICAL - 2022-03-23 01:45:08 --> Argument 2 passed to view() must be of the type array, string given, called in C:\wamp64\www\TCCGGD_WEB\TCC__homepage\app\Controllers\Home.php on line 9
#0 C:\wamp64\www\TCCGGD_WEB\TCC__homepage\app\Controllers\Home.php(9): view('index', 'TCCGGD Home Pag...')
#1 C:\wamp64\www\TCCGGD_WEB\TCC__homepage\vendor\codeigniter4\framework\system\CodeIgniter.php(832): App\Controllers\Home->index()
#2 C:\wamp64\www\TCCGGD_WEB\TCC__homepage\vendor\codeigniter4\framework\system\CodeIgniter.php(419): CodeIgniter\CodeIgniter->runController(Object(App\Controllers\Home))
#3 C:\wamp64\www\TCCGGD_WEB\TCC__homepage\vendor\codeigniter4\framework\system\CodeIgniter.php(326): CodeIgniter\CodeIgniter->handleRequest(NULL, Object(Config\Cache), false)
#4 C:\wamp64\www\TCCGGD_WEB\TCC__homepage\public\index.php(37): CodeIgniter\CodeIgniter->run()
#5 C:\wamp64\www\TCCGGD_WEB\TCC__homepage\vendor\codeigniter4\framework\system\Commands\Server\rewrite.php(43): require_once('C:\\wamp64\\www\\T...')
#6 {main}
CRITICAL - 2022-03-23 01:54:45 --> Argument 2 passed to view() must be of the type array, string given, called in C:\wamp64\www\TCCGGD_WEB\TCC__homepage\app\Controllers\Home.php on line 10
#0 C:\wamp64\www\TCCGGD_WEB\TCC__homepage\app\Controllers\Home.php(10): view('index', 'TCCGGD Home Pag...')
#1 C:\wamp64\www\TCCGGD_WEB\TCC__homepage\vendor\codeigniter4\framework\system\CodeIgniter.php(832): App\Controllers\Home->index()
#2 C:\wamp64\www\TCCGGD_WEB\TCC__homepage\vendor\codeigniter4\framework\system\CodeIgniter.php(419): CodeIgniter\CodeIgniter->runController(Object(App\Controllers\Home))
#3 C:\wamp64\www\TCCGGD_WEB\TCC__homepage\vendor\codeigniter4\framework\system\CodeIgniter.php(326): CodeIgniter\CodeIgniter->handleRequest(NULL, Object(Config\Cache), false)
#4 C:\wamp64\www\TCCGGD_WEB\TCC__homepage\public\index.php(37): CodeIgniter\CodeIgniter->run()
#5 C:\wamp64\www\TCCGGD_WEB\TCC__homepage\vendor\codeigniter4\framework\system\Commands\Server\rewrite.php(43): require_once('C:\\wamp64\\www\\T...')
#6 {main}
CRITICAL - 2022-03-23 05:25:14 --> Call to a member function get() on null
#0 C:\wamp64\www\TCCGGD_WEB\TCC__homepage\vendor\codeigniter4\framework\system\CodeIgniter.php(713): require()
#1 C:\wamp64\www\TCCGGD_WEB\TCC__homepage\vendor\codeigniter4\framework\system\CodeIgniter.php(368): CodeIgniter\CodeIgniter->tryToRouteIt(Object(CodeIgniter\Router\RouteCollection))
#2 C:\wamp64\www\TCCGGD_WEB\TCC__homepage\vendor\codeigniter4\framework\system\CodeIgniter.php(326): CodeIgniter\CodeIgniter->handleRequest(NULL, Object(Config\Cache), false)
#3 C:\wamp64\www\TCCGGD_WEB\TCC__homepage\public\index.php(37): CodeIgniter\CodeIgniter->run()
#4 C:\wamp64\www\TCCGGD_WEB\TCC__homepage\vendor\codeigniter4\framework\system\Commands\Server\rewrite.php(43): require_once('C:\\wamp64\\www\\T...')
#5 {main}
CRITICAL - 2022-03-23 05:25:22 --> Call to a member function get() on null
#0 C:\wamp64\www\TCCGGD_WEB\TCC__homepage\vendor\codeigniter4\framework\system\CodeIgniter.php(713): require()
#1 C:\wamp64\www\TCCGGD_WEB\TCC__homepage\vendor\codeigniter4\framework\system\CodeIgniter.php(368): CodeIgniter\CodeIgniter->tryToRouteIt(Object(CodeIgniter\Router\RouteCollection))
#2 C:\wamp64\www\TCCGGD_WEB\TCC__homepage\vendor\codeigniter4\framework\system\CodeIgniter.php(326): CodeIgniter\CodeIgniter->handleRequest(NULL, Object(Config\Cache), false)
#3 C:\wamp64\www\TCCGGD_WEB\TCC__homepage\public\index.php(37): CodeIgniter\CodeIgniter->run()
#4 C:\wamp64\www\TCCGGD_WEB\TCC__homepage\vendor\codeigniter4\framework\system\Commands\Server\rewrite.php(43): require_once('C:\\wamp64\\www\\T...')
#5 {main}
CRITICAL - 2022-03-23 05:25:57 --> Call to a member function get() on null
#0 C:\wamp64\www\TCCGGD_WEB\TCC__homepage\vendor\codeigniter4\framework\system\CodeIgniter.php(713): require()
#1 C:\wamp64\www\TCCGGD_WEB\TCC__homepage\vendor\codeigniter4\framework\system\CodeIgniter.php(368): CodeIgniter\CodeIgniter->tryToRouteIt(Object(CodeIgniter\Router\RouteCollection))
#2 C:\wamp64\www\TCCGGD_WEB\TCC__homepage\vendor\codeigniter4\framework\system\CodeIgniter.php(326): CodeIgniter\CodeIgniter->handleRequest(NULL, Object(Config\Cache), false)
#3 C:\wamp64\www\TCCGGD_WEB\TCC__homepage\public\index.php(37): CodeIgniter\CodeIgniter->run()
#4 C:\wamp64\www\TCCGGD_WEB\TCC__homepage\vendor\codeigniter4\framework\system\Commands\Server\rewrite.php(43): require_once('C:\\wamp64\\www\\T...')
#5 {main}
CRITICAL - 2022-03-23 05:28:53 --> Call to a member function add() on null
#0 C:\wamp64\www\TCCGGD_WEB\TCC__homepage\vendor\codeigniter4\framework\system\CodeIgniter.php(713): require()
#1 C:\wamp64\www\TCCGGD_WEB\TCC__homepage\vendor\codeigniter4\framework\system\CodeIgniter.php(368): CodeIgniter\CodeIgniter->tryToRouteIt(Object(CodeIgniter\Router\RouteCollection))
#2 C:\wamp64\www\TCCGGD_WEB\TCC__homepage\vendor\codeigniter4\framework\system\CodeIgniter.php(326): CodeIgniter\CodeIgniter->handleRequest(NULL, Object(Config\Cache), false)
#3 C:\wamp64\www\TCCGGD_WEB\TCC__homepage\public\index.php(37): CodeIgniter\CodeIgniter->run()
#4 C:\wamp64\www\TCCGGD_WEB\TCC__homepage\vendor\codeigniter4\framework\system\Commands\Server\rewrite.php(43): require_once('C:\\wamp64\\www\\T...')
#5 {main}
CRITICAL - 2022-03-23 05:29:08 --> Call to a member function view() on null
#0 C:\wamp64\www\TCCGGD_WEB\TCC__homepage\vendor\codeigniter4\framework\system\CodeIgniter.php(713): require()
#1 C:\wamp64\www\TCCGGD_WEB\TCC__homepage\vendor\codeigniter4\framework\system\CodeIgniter.php(368): CodeIgniter\CodeIgniter->tryToRouteIt(Object(CodeIgniter\Router\RouteCollection))
#2 C:\wamp64\www\TCCGGD_WEB\TCC__homepage\vendor\codeigniter4\framework\system\CodeIgniter.php(326): CodeIgniter\CodeIgniter->handleRequest(NULL, Object(Config\Cache), false)
#3 C:\wamp64\www\TCCGGD_WEB\TCC__homepage\public\index.php(37): CodeIgniter\CodeIgniter->run()
#4 C:\wamp64\www\TCCGGD_WEB\TCC__homepage\vendor\codeigniter4\framework\system\Commands\Server\rewrite.php(43): require_once('C:\\wamp64\\www\\T...')
#5 {main}
CRITICAL - 2022-03-23 05:39:38 --> Call to a member function get() on null
#0 C:\wamp64\www\TCCGGD_WEB\TCC__homepage\vendor\codeigniter4\framework\system\CodeIgniter.php(713): require()
#1 C:\wamp64\www\TCCGGD_WEB\TCC__homepage\vendor\codeigniter4\framework\system\CodeIgniter.php(368): CodeIgniter\CodeIgniter->tryToRouteIt(Object(CodeIgniter\Router\RouteCollection))
#2 C:\wamp64\www\TCCGGD_WEB\TCC__homepage\vendor\codeigniter4\framework\system\CodeIgniter.php(326): CodeIgniter\CodeIgniter->handleRequest(NULL, Object(Config\Cache), false)
#3 C:\wamp64\www\TCCGGD_WEB\TCC__homepage\public\index.php(37): CodeIgniter\CodeIgniter->run()
#4 C:\wamp64\www\TCCGGD_WEB\TCC__homepage\vendor\codeigniter4\framework\system\Commands\Server\rewrite.php(43): require_once('C:\\wamp64\\www\\T...')
#5 {main}
CRITICAL - 2022-03-23 05:40:06 --> Call to a member function get() on null
#0 C:\wamp64\www\TCCGGD_WEB\TCC__homepage\vendor\codeigniter4\framework\system\CodeIgniter.php(713): require()
#1 C:\wamp64\www\TCCGGD_WEB\TCC__homepage\vendor\codeigniter4\framework\system\CodeIgniter.php(368): CodeIgniter\CodeIgniter->tryToRouteIt(Object(CodeIgniter\Router\RouteCollection))
#2 C:\wamp64\www\TCCGGD_WEB\TCC__homepage\vendor\codeigniter4\framework\system\CodeIgniter.php(326): CodeIgniter\CodeIgniter->handleRequest(NULL, Object(Config\Cache), false)
#3 C:\wamp64\www\TCCGGD_WEB\TCC__homepage\public\index.php(37): CodeIgniter\CodeIgniter->run()
#4 C:\wamp64\www\TCCGGD_WEB\TCC__homepage\vendor\codeigniter4\framework\system\Commands\Server\rewrite.php(43): require_once('C:\\wamp64\\www\\T...')
#5 {main}
CRITICAL - 2022-03-23 05:56:23 --> Invalid file: tccCouncilPage.php
#0 C:\wamp64\www\TCCGGD_WEB\TCC__homepage\vendor\codeigniter4\framework\system\View\View.php(198): CodeIgniter\Exceptions\FrameworkException::forInvalidFile('tccCouncilPage....')
#1 C:\wamp64\www\TCCGGD_WEB\TCC__homepage\vendor\codeigniter4\framework\system\Common.php(1089): CodeIgniter\View\View->render('tccCouncilPage', Array, true)
#2 C:\wamp64\www\TCCGGD_WEB\TCC__homepage\app\Controllers\TccController.php(15): view('tccCouncilPage')
#3 C:\wamp64\www\TCCGGD_WEB\TCC__homepage\vendor\codeigniter4\framework\system\CodeIgniter.php(832): App\Controllers\TccController->the_communication_council()
#4 C:\wamp64\www\TCCGGD_WEB\TCC__homepage\vendor\codeigniter4\framework\system\CodeIgniter.php(419): CodeIgniter\CodeIgniter->runController(Object(App\Controllers\TccController))
#5 C:\wamp64\www\TCCGGD_WEB\TCC__homepage\vendor\codeigniter4\framework\system\CodeIgniter.php(326): CodeIgniter\CodeIgniter->handleRequest(NULL, Object(Config\Cache), false)
#6 C:\wamp64\www\TCCGGD_WEB\TCC__homepage\public\index.php(37): CodeIgniter\CodeIgniter->run()
#7 C:\wamp64\www\TCCGGD_WEB\TCC__homepage\vendor\codeigniter4\framework\system\Commands\Server\rewrite.php(43): require_once('C:\\wamp64\\www\\T...')
#8 {main}
